<?xml version="1.0" encoding="UTF-8" ?>
<testsuite tests="3" failures="0" name="ShopRestIntegrationTest" time="1.437" errors="0" skipped="0">
  <properties>
    <property name="java.runtime.name" value="Java(TM) SE Runtime Environment"/>
    <property name="sun.boot.library.path" value="C:\jdk1.8.0_66-x64\jre\bin"/>
    <property name="java.vm.version" value="25.66-b18"/>
    <property name="java.vm.vendor" value="Oracle Corporation"/>
    <property name="maven.multiModuleProjectDirectory" value="C:\Users\rk524\IdeaProjects\functional-e2e-test-new"/>
    <property name="java.vendor.url" value="http://java.oracle.com/"/>
    <property name="path.separator" value=";"/>
    <property name="guice.disable.misplaced.annotation.check" value="true"/>
    <property name="java.vm.name" value="Java HotSpot(TM) 64-Bit Server VM"/>
    <property name="file.encoding.pkg" value="sun.io"/>
    <property name="user.script" value=""/>
    <property name="user.country" value="GB"/>
    <property name="sun.java.launcher" value="SUN_STANDARD"/>
    <property name="sun.os.patch.level" value=""/>
    <property name="java.vm.specification.name" value="Java Virtual Machine Specification"/>
    <property name="user.dir" value="C:\Users\rk524\IdeaProjects\functional-e2e-test-new"/>
    <property name="java.runtime.version" value="1.8.0_66-b18"/>
    <property name="java.awt.graphicsenv" value="sun.awt.Win32GraphicsEnvironment"/>
    <property name="java.endorsed.dirs" value="C:\jdk1.8.0_66-x64\jre\lib\endorsed"/>
    <property name="os.arch" value="amd64"/>
    <property name="java.io.tmpdir" value="C:\Users\rk524\AppData\Local\Temp\"/>
    <property name="line.separator" value="
"/>
    <property name="java.vm.specification.vendor" value="Oracle Corporation"/>
    <property name="user.variant" value=""/>
    <property name="os.name" value="Windows 10"/>
    <property name="maven.ext.class.path" value="C:\Users\rk524\AppData\Local\JetBrains\IntelliJ IDEA 2020.1.2\plugins\maven\lib\maven-event-listener.jar"/>
    <property name="classworlds.conf" value="C:\Users\rk524\AppData\Local\JetBrains\IntelliJ IDEA 2020.1.2\plugins\maven\lib\maven3\bin\m2.conf"/>
    <property name="sun.jnu.encoding" value="Cp1252"/>
    <property name="java.library.path" value="C:\jdk1.8.0_66-x64\bin;C:\WINDOWS\Sun\Java\bin;C:\WINDOWS\system32;C:\WINDOWS;C:\Program Files (x86)\Common Files\Oracle\Java\javapath;C:\WINDOWS\system32;C:\WINDOWS;C:\WINDOWS\System32\Wbem;C:\WINDOWS\System32\WindowsPowerShell\v1.0\;C:\WINDOWS\System32\OpenSSH\;C:\Program Files (x86)\Webex\Webex\Applications;C:\Program Files\Git\cmd;C:\Program Files (x86)\Pulse Secure\VC142.CRT\X64\;C:\Program Files (x86)\Pulse Secure\VC142.CRT\X86\;C:\ProgramData\chocolatey\bin;;C:\Program Files\Docker\Docker\resources\bin;C:\ProgramData\DockerDesktop\version-bin;C:\Program Files\nodejs\;C:\Program Files (x86)\Sennheiser\SenncomSDK\;C:\Users\rk524\AppData\Local\Microsoft\WindowsApps;C:\jdk1.8.0_66-x64\bin;C:\maven-3.6.3\apache-maven-3.6.3\bin;C:\gradle-6.5.1\bin;C:\concourse\;C:\Users\rk524\AppData\Roaming\npm;C:\kompose\;;."/>
    <property name="maven.conf" value="C:\Users\rk524\AppData\Local\JetBrains\IntelliJ IDEA 2020.1.2\plugins\maven\lib\maven3/conf"/>
    <property name="java.specification.name" value="Java Platform API Specification"/>
    <property name="java.class.version" value="52.0"/>
    <property name="sun.management.compiler" value="HotSpot 64-Bit Tiered Compilers"/>
    <property name="os.version" value="10.0"/>
    <property name="user.home" value="C:\Users\rk524"/>
    <property name="user.timezone" value="Europe/London"/>
    <property name="java.awt.printerjob" value="sun.awt.windows.WPrinterJob"/>
    <property name="java.specification.version" value="1.8"/>
    <property name="file.encoding" value="UTF-8"/>
    <property name="user.name" value="RK524"/>
    <property name="java.class.path" value="C:\Users\rk524\AppData\Local\JetBrains\IntelliJ IDEA 2020.1.2\plugins\maven\lib\maven3\boot\plexus-classworlds-2.6.0.jar;C:\Users\rk524\AppData\Local\JetBrains\IntelliJ IDEA 2020.1.2\plugins\maven\lib\maven3\boot\plexus-classworlds.license;C:\Users\rk524\AppData\Local\JetBrains\IntelliJ IDEA 2020.1.2\lib\idea_rt.jar"/>
    <property name="java.vm.specification.version" value="1.8"/>
    <property name="sun.arch.data.model" value="64"/>
    <property name="java.home" value="C:\jdk1.8.0_66-x64\jre"/>
    <property name="sun.java.command" value="org.codehaus.classworlds.Launcher -Didea.version2020.1.4 test"/>
    <property name="idea.version2020.1.4" value="true"/>
    <property name="java.specification.vendor" value="Oracle Corporation"/>
    <property name="user.language" value="en"/>
    <property name="awt.toolkit" value="sun.awt.windows.WToolkit"/>
    <property name="java.vm.info" value="mixed mode"/>
    <property name="java.version" value="1.8.0_66"/>
    <property name="java.ext.dirs" value="C:\jdk1.8.0_66-x64\jre\lib\ext;C:\WINDOWS\Sun\Java\lib\ext"/>
    <property name="sun.boot.class.path" value="C:\jdk1.8.0_66-x64\jre\lib\resources.jar;C:\jdk1.8.0_66-x64\jre\lib\rt.jar;C:\jdk1.8.0_66-x64\jre\lib\sunrsasign.jar;C:\jdk1.8.0_66-x64\jre\lib\jsse.jar;C:\jdk1.8.0_66-x64\jre\lib\jce.jar;C:\jdk1.8.0_66-x64\jre\lib\charsets.jar;C:\jdk1.8.0_66-x64\jre\lib\jfr.jar;C:\jdk1.8.0_66-x64\jre\classes"/>
    <property name="java.vendor" value="Oracle Corporation"/>
    <property name="maven.home" value="C:\Users\rk524\AppData\Local\JetBrains\IntelliJ IDEA 2020.1.2\plugins\maven\lib\maven3"/>
    <property name="file.separator" value="\"/>
    <property name="java.vendor.url.bug" value="http://bugreport.sun.com/bugreport/"/>
    <property name="sun.cpu.endian" value="little"/>
    <property name="sun.io.unicode.encoding" value="UnicodeLittle"/>
    <property name="sun.desktop" value="windows"/>
    <property name="sun.cpu.isalist" value="amd64"/>
  </properties>
  <testcase classname="ShopRestIntegrationTest" name="correctNumberOfProductsReturned" time="1.339"/>
  <testcase classname="ShopRestIntegrationTest" name="productOneHasCorrectStockInfo" time="0.055"/>
  <testcase classname="ShopRestIntegrationTest" name="productOneHasCorrectProductInfo" time="0.043"/>
</testsuite>